<?xml version="1.0" encoding="UTF-8"?>
<!-- Generated by org.testng.reporters.JUnitReportReporter -->
<testsuite skipped="2" hostname="hp-PC" name="Flipkart_Test.BuyingaBook_PropertyFile" tests="3" failures="0" timestamp="02 Oct 2018 15:23:44 GMT" time="55.033" errors="1">
  <testcase name="launchingWebsite" time="55.033" classname="Flipkart_Test.BuyingaBook_PropertyFile">
    <error type="org.openqa.selenium.WebDriverException" message="Failed to connect to binary FirefoxBinary(C:\Program Files (x86)\Mozilla Firefox\firefox.exe) on port 7055; process output follows: 
inished async read of XPI database, parsing...
Crash Annotation GraphicsCriticalError: |[C0][GFX1-]: CreateShaderResourceView failed for format87 (t=0.56996) [GFX1-]: CreateShaderResourceView failed for format87
Crash Annotation GraphicsCriticalError: |[C0][GFX1-]: CreateShaderResourceView failed for format87 (t=0.743564) [GFX1-]: CreateShaderResourceView failed for format87
1538493780056	addons.xpi-utils	DEBUG	Successfully read XPI database
Crash Annotation GraphicsCriticalError: |[C0][GFX1-]: CreateShaderResourceView failed for format87 (t=0.484113) [GFX1-]: CreateShaderResourceView failed for format87
1538493789343	addons.repository	DEBUG	cacheAddons: enabled true IDs [&quot;search-nudges@shield.mozilla.org&quot;]
1538493790259	addons.xpi	DEBUG	Starting install of search-nudges@shield.mozilla.org from file:///C:/Users/hp/AppData/Local/Temp/study.xpi
1538493790264	addons.xpi	DEBUG	Addon search-nudges@shield.mozilla.org will be installed as a packed xpi
1538493790287	addons.xpi-utils	DEBUG	Make addon app-profile:search-nudges@shield.mozilla.org visible
1538493790288	addons.xpi	DEBUG	XPIStates adding add-on search-nudges@shield.mozilla.org in {&quot;addons&quot;:{},&quot;staged&quot;:{},&quot;path&quot;:&quot;C:\\Users\\hp\\AppData\\Local\\Temp\\anonymous3150946751626780573webdriver-profile\\extensions&quot;}: C:\Users\hp\AppData\Local\Temp\anonymous3150946751626780573webdriver-profile\extensions\search-nudges@shield.mozilla.org.xpi
1538493790289	addons.xpi	DEBUG	Updating XPIState for {&quot;id&quot;:&quot;search-nudges@shield.mozilla.org&quot;,&quot;syncGUID&quot;:&quot;{d63b8a02-ceac-4803-bcc3-c44d63e296d1}&quot;,&quot;version&quot;:&quot;1.8.2&quot;,&quot;type&quot;:&quot;extension&quot;,&quot;defaultLocale&quot;:{&quot;name&quot;:&quot;User search study&quot;,&quot;description&quot;:&quot;This is a study to understand how users interact with search engines in Firefox.&quot;,&quot;creator&quot;:&quot;Mike de Boer &lt;mdeboer@mozilla.com&gt;&quot;},&quot;visible&quot;:true,&quot;active&quot;:true,&quot;userDisabled&quot;:false,&quot;appDisabled&quot;:false,&quot;installDate&quot;:1538493790251,&quot;updateDate&quot;:1538493790251,&quot;applyBackgroundUpdates&quot;:1,&quot;path&quot;:&quot;C:\\Users\\hp\\AppData\\Local\\Temp\\anonymous3150946751626780573webdriver-profile\\extensions\\search-nudges@shield.mozilla.org.xpi&quot;,&quot;skinnable&quot;:false,&quot;sourceURI&quot;:&quot;file:///C:/Users/hp/AppData/Local/Temp/study.xpi&quot;,&quot;releaseNotesURI&quot;:null,&quot;softDisabled&quot;:false,&quot;foreignInstall&quot;:false,&quot;strictCompatibility&quot;:false,&quot;locales&quot;:[],&quot;targetApplications&quot;:[{&quot;id&quot;:&quot;{ec8030f7-c20a-464f-9b0e-13a3a9e97384}&quot;,&quot;minVersion&quot;:&quot;57.0&quot;,&quot;maxVersion&quot;:&quot;*&quot;},{&quot;id&quot;:&quot;{aa3c5121-dab2-40e2-81ca-7ea25febc110}&quot;,&quot;minVersion&quot;:&quot;57.0&quot;,&quot;maxVersion&quot;:&quot;*&quot;}],&quot;targetPlatforms&quot;:[],&quot;signedState&quot;:4,&quot;seen&quot;:true,&quot;dependencies&quot;:[],&quot;hasEmbeddedWebExtension&quot;:false,&quot;userPermissions&quot;:null,&quot;icons&quot;:{&quot;32&quot;:&quot;icon.png&quot;,&quot;48&quot;:&quot;icon.png&quot;},&quot;iconURL&quot;:&quot;chrome://search-nudges-icons/content/icon.png&quot;,&quot;blocklistState&quot;:0,&quot;blocklistURL&quot;:null,&quot;startupData&quot;:null,&quot;location&quot;:&quot;app-profile&quot;}
1538493790290	addons.xpi	DEBUG	Install of file:///C:/Users/hp/AppData/Local/Temp/study.xpi completed.
1538493790291	addons.xpi	DEBUG	Loading bootstrap scope from C:\Users\hp\AppData\Local\Temp\anonymous3150946751626780573webdriver-profile\extensions\search-nudges@shield.mozilla.org.xpi
1538493790294	addons.xpi	DEBUG	Calling bootstrap method install on search-nudges@shield.mozilla.org version 1.8.2
console.debug: 
  install
  5
1538493790296	addons.xpi	DEBUG	Registering manifest for C:\Users\hp\AppData\Local\Temp\anonymous3150946751626780573webdriver-profile\extensions\search-nudges@shield.mozilla.org.xpi
1538493790297	addons.xpi	DEBUG	Calling bootstrap method startup on search-nudges@shield.mozilla.org version 1.8.2
console.debug: 
  startup
  ADDON_INSTALL
console.debug: 
  studyUtils has config and variation.name: doshow.
      Ready to send telemetry
console.debug: 
  info {&quot;studyName&quot;:&quot;searchNudgesExperiment&quot;,&quot;addon&quot;:{&quot;id&quot;:&quot;search-nudges@shield.mozilla.org&quot;,&quot;version&quot;:&quot;1.8.2&quot;},&quot;variation&quot;:{&quot;name&quot;:&quot;doshow&quot;,&quot;weight&quot;:1},&quot;shieldId&quot;:&quot;&quot;}
console.debug: 
  Feature start
1538493790409	addons.xpi	DEBUG	removeTemporaryFile: file:///C:/Users/hp/AppData/Local/Temp/study.xpi does not own temp file
1538493790643	addons.xpi-utils	DEBUG	XPI Database saved, setting schema version preference to 27

Build info: version: &#039;2.25.0&#039;, revision: &#039;17482&#039;, time: &#039;2012-07-18 22:18:01&#039;
System info: os.name: &#039;Windows 7&#039;, os.arch: &#039;amd64&#039;, os.version: &#039;6.1&#039;, java.version: &#039;1.8.0_111&#039;
Driver info: driver.version: FirefoxDriver">
      <![CDATA[org.openqa.selenium.WebDriverException: Failed to connect to binary FirefoxBinary(C:\Program Files (x86)\Mozilla Firefox\firefox.exe) on port 7055; process output follows: inished async read of XPI database, parsing...Crash Annotation GraphicsCriticalError: |[C0][GFX1-]: CreateShaderResourceView failed for format87 (t=0.56996) [GFX1-]: CreateShaderResourceView failed for format87Crash Annotation GraphicsCriticalError: |[C0][GFX1-]: CreateShaderResourceView failed for format87 (t=0.743564) [GFX1-]: CreateShaderResourceView failed for format871538493780056addons.xpi-utilsDEBUGSuccessfully read XPI databaseCrash Annotation GraphicsCriticalError: |[C0][GFX1-]: CreateShaderResourceView failed for format87 (t=0.484113) [GFX1-]: CreateShaderResourceView failed for format871538493789343addons.repositoryDEBUGcacheAddons: enabled true IDs ["search-nudges@shield.mozilla.org"]1538493790259addons.xpiDEBUGStarting install of search-nudges@shield.mozilla.org from file:///C:/Users/hp/AppData/Local/Temp/study.xpi1538493790264addons.xpiDEBUGAddon search-nudges@shield.mozilla.org will be installed as a packed xpi1538493790287addons.xpi-utilsDEBUGMake addon app-profile:search-nudges@shield.mozilla.org visible1538493790288addons.xpiDEBUGXPIStates adding add-on search-nudges@shield.mozilla.org in {"addons":{},"staged":{},"path":"C:\\Users\\hp\\AppData\\Local\\Temp\\anonymous3150946751626780573webdriver-profile\\extensions"}: C:\Users\hp\AppData\Local\Temp\anonymous3150946751626780573webdriver-profile\extensions\search-nudges@shield.mozilla.org.xpi1538493790289addons.xpiDEBUGUpdating XPIState for {"id":"search-nudges@shield.mozilla.org","syncGUID":"{d63b8a02-ceac-4803-bcc3-c44d63e296d1}","version":"1.8.2","type":"extension","defaultLocale":{"name":"User search study","description":"This is a study to understand how users interact with search engines in Firefox.","creator":"Mike de Boer <mdeboer@mozilla.com>"},"visible":true,"active":true,"userDisabled":false,"appDisabled":false,"installDate":1538493790251,"updateDate":1538493790251,"applyBackgroundUpdates":1,"path":"C:\\Users\\hp\\AppData\\Local\\Temp\\anonymous3150946751626780573webdriver-profile\\extensions\\search-nudges@shield.mozilla.org.xpi","skinnable":false,"sourceURI":"file:///C:/Users/hp/AppData/Local/Temp/study.xpi","releaseNotesURI":null,"softDisabled":false,"foreignInstall":false,"strictCompatibility":false,"locales":[],"targetApplications":[{"id":"{ec8030f7-c20a-464f-9b0e-13a3a9e97384}","minVersion":"57.0","maxVersion":"*"},{"id":"{aa3c5121-dab2-40e2-81ca-7ea25febc110}","minVersion":"57.0","maxVersion":"*"}],"targetPlatforms":[],"signedState":4,"seen":true,"dependencies":[],"hasEmbeddedWebExtension":false,"userPermissions":null,"icons":{"32":"icon.png","48":"icon.png"},"iconURL":"chrome://search-nudges-icons/content/icon.png","blocklistState":0,"blocklistURL":null,"startupData":null,"location":"app-profile"}1538493790290addons.xpiDEBUGInstall of file:///C:/Users/hp/AppData/Local/Temp/study.xpi completed.1538493790291addons.xpiDEBUGLoading bootstrap scope from C:\Users\hp\AppData\Local\Temp\anonymous3150946751626780573webdriver-profile\extensions\search-nudges@shield.mozilla.org.xpi1538493790294addons.xpiDEBUGCalling bootstrap method install on search-nudges@shield.mozilla.org version 1.8.2console.debug:   install  51538493790296addons.xpiDEBUGRegistering manifest for C:\Users\hp\AppData\Local\Temp\anonymous3150946751626780573webdriver-profile\extensions\search-nudges@shield.mozilla.org.xpi1538493790297addons.xpiDEBUGCalling bootstrap method startup on search-nudges@shield.mozilla.org version 1.8.2console.debug:   startup  ADDON_INSTALLconsole.debug:   studyUtils has config and variation.name: doshow.      Ready to send telemetryconsole.debug:   info {"studyName":"searchNudgesExperiment","addon":{"id":"search-nudges@shield.mozilla.org","version":"1.8.2"},"variation":{"name":"doshow","weight":1},"shieldId":""}console.debug:   Feature start1538493790409addons.xpiDEBUGremoveTemporaryFile: file:///C:/Users/hp/AppData/Local/Temp/study.xpi does not own temp file1538493790643addons.xpi-utilsDEBUGXPI Database saved, setting schema version preference to 27Build info: version: '2.25.0', revision: '17482', time: '2012-07-18 22:18:01'System info: os.name: 'Windows 7', os.arch: 'amd64', os.version: '6.1', java.version: '1.8.0_111'Driver info: driver.version: FirefoxDriverat org.openqa.selenium.firefox.internal.NewProfileExtensionConnection.start(NewProfileExtensionConnection.java:121)at org.openqa.selenium.firefox.FirefoxDriver.startClient(FirefoxDriver.java:245)at org.openqa.selenium.remote.RemoteWebDriver.<init>(RemoteWebDriver.java:109)at org.openqa.selenium.firefox.FirefoxDriver.<init>(FirefoxDriver.java:183)at org.openqa.selenium.firefox.FirefoxDriver.<init>(FirefoxDriver.java:178)at org.openqa.selenium.firefox.FirefoxDriver.<init>(FirefoxDriver.java:100)at Flipkart_Test.BuyingaBook_PropertyFile.launchingWebsite(BuyingaBook_PropertyFile.java:47)at sun.reflect.NativeMethodAccessorImpl.invoke0(Native Method)at sun.reflect.NativeMethodAccessorImpl.invoke(NativeMethodAccessorImpl.java:62)at sun.reflect.DelegatingMethodAccessorImpl.invoke(DelegatingMethodAccessorImpl.java:43)at java.lang.reflect.Method.invoke(Method.java:498)at org.testng.internal.MethodInvocationHelper.invokeMethod(MethodInvocationHelper.java:124)at org.testng.internal.MethodInvocationHelper.invokeMethodConsideringTimeout(MethodInvocationHelper.java:59)at org.testng.internal.Invoker.invokeConfigurationMethod(Invoker.java:451)at org.testng.internal.Invoker.invokeConfigurations(Invoker.java:222)at org.testng.internal.Invoker.invokeConfigurations(Invoker.java:142)at org.testng.TestRunner.beforeRun(TestRunner.java:529)at org.testng.TestRunner.run(TestRunner.java:497)at org.testng.SuiteRunner.runTest(SuiteRunner.java:455)at org.testng.SuiteRunner.runSequentially(SuiteRunner.java:450)at org.testng.SuiteRunner.privateRun(SuiteRunner.java:415)at org.testng.SuiteRunner.run(SuiteRunner.java:364)at org.testng.SuiteRunnerWorker.runSuite(SuiteRunnerWorker.java:52)at org.testng.SuiteRunnerWorker.run(SuiteRunnerWorker.java:84)at org.testng.TestNG.runSuitesSequentially(TestNG.java:1187)at org.testng.TestNG.runSuitesLocally(TestNG.java:1116)at org.testng.TestNG.runSuites(TestNG.java:1028)at org.testng.TestNG.run(TestNG.java:996)at org.testng.remote.AbstractRemoteTestNG.run(AbstractRemoteTestNG.java:114)at org.testng.remote.RemoteTestNG.initAndRun(RemoteTestNG.java:251)at org.testng.remote.RemoteTestNG.main(RemoteTestNG.java:77)Caused by: org.openqa.selenium.firefox.NotConnectedException: Unable to connect to host 127.0.0.1 on port 7055 after 45000 ms. Firefox console output:inished async read of XPI database, parsing...Crash Annotation GraphicsCriticalError: |[C0][GFX1-]: CreateShaderResourceView failed for format87 (t=0.56996) [GFX1-]: CreateShaderResourceView failed for format87Crash Annotation GraphicsCriticalError: |[C0][GFX1-]: CreateShaderResourceView failed for format87 (t=0.743564) [GFX1-]: CreateShaderResourceView failed for format871538493780056addons.xpi-utilsDEBUGSuccessfully read XPI databaseCrash Annotation GraphicsCriticalError: |[C0][GFX1-]: CreateShaderResourceView failed for format87 (t=0.484113) [GFX1-]: CreateShaderResourceView failed for format871538493789343addons.repositoryDEBUGcacheAddons: enabled true IDs ["search-nudges@shield.mozilla.org"]1538493790259addons.xpiDEBUGStarting install of search-nudges@shield.mozilla.org from file:///C:/Users/hp/AppData/Local/Temp/study.xpi1538493790264addons.xpiDEBUGAddon search-nudges@shield.mozilla.org will be installed as a packed xpi1538493790287addons.xpi-utilsDEBUGMake addon app-profile:search-nudges@shield.mozilla.org visible1538493790288addons.xpiDEBUGXPIStates adding add-on search-nudges@shield.mozilla.org in {"addons":{},"staged":{},"path":"C:\\Users\\hp\\AppData\\Local\\Temp\\anonymous3150946751626780573webdriver-profile\\extensions"}: C:\Users\hp\AppData\Local\Temp\anonymous3150946751626780573webdriver-profile\extensions\search-nudges@shield.mozilla.org.xpi1538493790289addons.xpiDEBUGUpdating XPIState for {"id":"search-nudges@shield.mozilla.org","syncGUID":"{d63b8a02-ceac-4803-bcc3-c44d63e296d1}","version":"1.8.2","type":"extension","defaultLocale":{"name":"User search study","description":"This is a study to understand how users interact with search engines in Firefox.","creator":"Mike de Boer <mdeboer@mozilla.com>"},"visible":true,"active":true,"userDisabled":false,"appDisabled":false,"installDate":1538493790251,"updateDate":1538493790251,"applyBackgroundUpdates":1,"path":"C:\\Users\\hp\\AppData\\Local\\Temp\\anonymous3150946751626780573webdriver-profile\\extensions\\search-nudges@shield.mozilla.org.xpi","skinnable":false,"sourceURI":"file:///C:/Users/hp/AppData/Local/Temp/study.xpi","releaseNotesURI":null,"softDisabled":false,"foreignInstall":false,"strictCompatibility":false,"locales":[],"targetApplications":[{"id":"{ec8030f7-c20a-464f-9b0e-13a3a9e97384}","minVersion":"57.0","maxVersion":"*"},{"id":"{aa3c5121-dab2-40e2-81ca-7ea25febc110}","minVersion":"57.0","maxVersion":"*"}],"targetPlatforms":[],"signedState":4,"seen":true,"dependencies":[],"hasEmbeddedWebExtension":false,"userPermissions":null,"icons":{"32":"icon.png","48":"icon.png"},"iconURL":"chrome://search-nudges-icons/content/icon.png","blocklistState":0,"blocklistURL":null,"startupData":null,"location":"app-profile"}1538493790290addons.xpiDEBUGInstall of file:///C:/Users/hp/AppData/Local/Temp/study.xpi completed.1538493790291addons.xpiDEBUGLoading bootstrap scope from C:\Users\hp\AppData\Local\Temp\anonymous3150946751626780573webdriver-profile\extensions\search-nudges@shield.mozilla.org.xpi1538493790294addons.xpiDEBUGCalling bootstrap method install on search-nudges@shield.mozilla.org version 1.8.2console.debug:   install  51538493790296addons.xpiDEBUGRegistering manifest for C:\Users\hp\AppData\Local\Temp\anonymous3150946751626780573webdriver-profile\extensions\search-nudges@shield.mozilla.org.xpi1538493790297addons.xpiDEBUGCalling bootstrap method startup on search-nudges@shield.mozilla.org version 1.8.2console.debug:   startup  ADDON_INSTALLconsole.debug:   studyUtils has config and variation.name: doshow.      Ready to send telemetryconsole.debug:   info {"studyName":"searchNudgesExperiment","addon":{"id":"search-nudges@shield.mozilla.org","version":"1.8.2"},"variation":{"name":"doshow","weight":1},"shieldId":""}console.debug:   Feature start1538493790409addons.xpiDEBUGremoveTemporaryFile: file:///C:/Users/hp/AppData/Local/Temp/study.xpi does not own temp file1538493790643addons.xpi-utilsDEBUGXPI Database saved, setting schema version preference to 27at org.openqa.selenium.firefox.internal.NewProfileExtensionConnection.start(NewProfileExtensionConnection.java:109)... 30 more]]>
    </error>
  </testcase> <!-- launchingWebsite -->
  <testcase name="Login" time="0.000" classname="Flipkart_Test.BuyingaBook_PropertyFile">
    <skipped/>
  </testcase> <!-- Login -->
  <testcase name="SelectBooks" time="0.000" classname="Flipkart_Test.BuyingaBook_PropertyFile">
    <skipped/>
  </testcase> <!-- SelectBooks -->
</testsuite> <!-- Flipkart_Test.BuyingaBook_PropertyFile -->
