<?xml version="1.0" encoding="UTF-8"?>
<!-- Generated by org.testng.reporters.JUnitReportReporter -->
<testsuite skipped="2" hostname="hp-PC" name="Flipkart_Test.Flipkart_Test.BuyingaBook_PropertyFile" tests="3" failures="0" timestamp="02 Oct 2018 08:36:56 GMT" time="52.185" errors="1">
  <testcase name="launchingWebsite" time="52.185" classname="Flipkart_Test.Flipkart_Test.BuyingaBook_PropertyFile">
    <error type="org.openqa.selenium.WebDriverException" message="Failed to connect to binary FirefoxBinary(C:\Program Files (x86)\Mozilla Firefox\firefox.exe) on port 7055; process output follows: 
Async JSON file read took 0 MS
1538469376647	addons.xpi-utils	DEBUG	Finished async read of XPI database, parsing...
1538469376658	addons.xpi-utils	DEBUG	Successfully read XPI database
1538469376817	DeferredSave.webext.sc.lz4	DEBUG	Save changes
1538469376817	DeferredSave.webext.sc.lz4	DEBUG	Starting timer
1538469376855	DeferredSave.webext.sc.lz4	DEBUG	Save changes
1538469376941	DeferredSave.webext.sc.lz4	DEBUG	Save changes
1538469376943	DeferredSave.webext.sc.lz4	DEBUG	Save changes
1538469376944	DeferredSave.webext.sc.lz4	DEBUG	Save changes
1538469376946	DeferredSave.webext.sc.lz4	DEBUG	Save changes
1538469376950	DeferredSave.webext.sc.lz4	DEBUG	Save changes
1538469376954	DeferredSave.webext.sc.lz4	DEBUG	Save changes
1538469376958	DeferredSave.webext.sc.lz4	DEBUG	Save changes
1538469376959	DeferredSave.webext.sc.lz4	DEBUG	Save changes
1538469376963	DeferredSave.webext.sc.lz4	DEBUG	Save changes
1538469376964	DeferredSave.webext.sc.lz4	DEBUG	Save changes
1538469376968	DeferredSave.webext.sc.lz4	DEBUG	Save changes
1538469376969	DeferredSave.webext.sc.lz4	DEBUG	Save changes
1538469376972	DeferredSave.webext.sc.lz4	DEBUG	Save changes
1538469376973	DeferredSave.webext.sc.lz4	DEBUG	Save changes
1538469376977	DeferredSave.webext.sc.lz4	DEBUG	Save changes
1538469376979	DeferredSave.webext.sc.lz4	DEBUG	Save changes
1538469376982	DeferredSave.webext.sc.lz4	DEBUG	Save changes
1538469376984	DeferredSave.webext.sc.lz4	DEBUG	Save changes
1538469376986	DeferredSave.webext.sc.lz4	DEBUG	Save changes
1538469376986	DeferredSave.webext.sc.lz4	DEBUG	Save changes
1538469376988	DeferredSave.webext.sc.lz4	DEBUG	Save changes
1538469376990	DeferredSave.webext.sc.lz4	DEBUG	Save changes
1538469376998	DeferredSave.webext.sc.lz4	DEBUG	Save changes
1538469376999	DeferredSave.webext.sc.lz4	DEBUG	Save changes
1538469377002	DeferredSave.webext.sc.lz4	DEBUG	Save changes
1538469377003	DeferredSave.webext.sc.lz4	DEBUG	Save changes
1538469377004	DeferredSave.webext.sc.lz4	DEBUG	Save changes
1538469377005	DeferredSave.webext.sc.lz4	DEBUG	Save changes
1538469377005	DeferredSave.webext.sc.lz4	DEBUG	Save changes
1538469377007	DeferredSave.webext.sc.lz4	DEBUG	Save changes
1538469377010	DeferredSave.webext.sc.lz4	DEBUG	Save changes
1538469377014	DeferredSave.webext.sc.lz4	DEBUG	Save changes
1538469377016	DeferredSave.webext.sc.lz4	DEBUG	Save changes
1538469377018	DeferredSave.webext.sc.lz4	DEBUG	Save changes
1538469377019	DeferredSave.webext.sc.lz4	DEBUG	Save changes
1538469377020	DeferredSave.webext.sc.lz4	DEBUG	Save changes
1538469377022	DeferredSave.webext.sc.lz4	DEBUG	Save changes
1538469377023	DeferredSave.webext.sc.lz4	DEBUG	Save changes
1538469377024	DeferredSave.webext.sc.lz4	DEBUG	Save changes
1538469377025	DeferredSave.webext.sc.lz4	DEBUG	Save changes
1538469377026	DeferredSave.webext.sc.lz4	DEBUG	Save changes
1538469377030	DeferredSave.webext.sc.lz4	DEBUG	Save changes
1538469377032	DeferredSave.webext.sc.lz4	DEBUG	Save changes
1538469377035	DeferredSave.webext.sc.lz4	DEBUG	Save changes
1538469377037	DeferredSave.webext.sc.lz4	DEBUG	Save changes
1538469377038	DeferredSave.webext.sc.lz4	DEBUG	Save changes
1538469377040	DeferredSave.webext.sc.lz4	DEBUG	Save changes
1538469377047	DeferredSave.webext.sc.lz4	DEBUG	Save changes
1538469377047	DeferredSave.webext.sc.lz4	DEBUG	Save changes
1538469377052	DeferredSave.webext.sc.lz4	DEBUG	Save changes
1538469377063	DeferredSave.webext.sc.lz4	DEBUG	Save changes
1538469377165	DeferredSave.webext.sc.lz4	DEBUG	Save changes
1538469377166	DeferredSave.webext.sc.lz4	DEBUG	Save changes
Unable to read VR Path Registry from C:\Users\hp\AppData\Local\openvr\openvrpaths.vrpath
JavaScript error: about:newtab, line 968: TypeError: gSnippetsMap.getTotalBookmarksCount is not a function
1538469381825	DeferredSave.webext.sc.lz4	DEBUG	Starting write
1538469381859	DeferredSave.webext.sc.lz4	DEBUG	Write succeeded
Crash Annotation GraphicsCriticalError: |[C0][GFX1-]: CreateShaderResourceView failed for format87 (t=20.5787) [GFX1-]: CreateShaderResourceView failed for format87

Build info: version: &#039;2.25.0&#039;, revision: &#039;17482&#039;, time: &#039;2012-07-18 22:18:01&#039;
System info: os.name: &#039;Windows 7&#039;, os.arch: &#039;amd64&#039;, os.version: &#039;6.1&#039;, java.version: &#039;1.8.0_111&#039;
Driver info: driver.version: FirefoxDriver">
      <![CDATA[org.openqa.selenium.WebDriverException: Failed to connect to binary FirefoxBinary(C:\Program Files (x86)\Mozilla Firefox\firefox.exe) on port 7055; process output follows: Async JSON file read took 0 MS1538469376647addons.xpi-utilsDEBUGFinished async read of XPI database, parsing...1538469376658addons.xpi-utilsDEBUGSuccessfully read XPI database1538469376817DeferredSave.webext.sc.lz4DEBUGSave changes1538469376817DeferredSave.webext.sc.lz4DEBUGStarting timer1538469376855DeferredSave.webext.sc.lz4DEBUGSave changes1538469376941DeferredSave.webext.sc.lz4DEBUGSave changes1538469376943DeferredSave.webext.sc.lz4DEBUGSave changes1538469376944DeferredSave.webext.sc.lz4DEBUGSave changes1538469376946DeferredSave.webext.sc.lz4DEBUGSave changes1538469376950DeferredSave.webext.sc.lz4DEBUGSave changes1538469376954DeferredSave.webext.sc.lz4DEBUGSave changes1538469376958DeferredSave.webext.sc.lz4DEBUGSave changes1538469376959DeferredSave.webext.sc.lz4DEBUGSave changes1538469376963DeferredSave.webext.sc.lz4DEBUGSave changes1538469376964DeferredSave.webext.sc.lz4DEBUGSave changes1538469376968DeferredSave.webext.sc.lz4DEBUGSave changes1538469376969DeferredSave.webext.sc.lz4DEBUGSave changes1538469376972DeferredSave.webext.sc.lz4DEBUGSave changes1538469376973DeferredSave.webext.sc.lz4DEBUGSave changes1538469376977DeferredSave.webext.sc.lz4DEBUGSave changes1538469376979DeferredSave.webext.sc.lz4DEBUGSave changes1538469376982DeferredSave.webext.sc.lz4DEBUGSave changes1538469376984DeferredSave.webext.sc.lz4DEBUGSave changes1538469376986DeferredSave.webext.sc.lz4DEBUGSave changes1538469376986DeferredSave.webext.sc.lz4DEBUGSave changes1538469376988DeferredSave.webext.sc.lz4DEBUGSave changes1538469376990DeferredSave.webext.sc.lz4DEBUGSave changes1538469376998DeferredSave.webext.sc.lz4DEBUGSave changes1538469376999DeferredSave.webext.sc.lz4DEBUGSave changes1538469377002DeferredSave.webext.sc.lz4DEBUGSave changes1538469377003DeferredSave.webext.sc.lz4DEBUGSave changes1538469377004DeferredSave.webext.sc.lz4DEBUGSave changes1538469377005DeferredSave.webext.sc.lz4DEBUGSave changes1538469377005DeferredSave.webext.sc.lz4DEBUGSave changes1538469377007DeferredSave.webext.sc.lz4DEBUGSave changes1538469377010DeferredSave.webext.sc.lz4DEBUGSave changes1538469377014DeferredSave.webext.sc.lz4DEBUGSave changes1538469377016DeferredSave.webext.sc.lz4DEBUGSave changes1538469377018DeferredSave.webext.sc.lz4DEBUGSave changes1538469377019DeferredSave.webext.sc.lz4DEBUGSave changes1538469377020DeferredSave.webext.sc.lz4DEBUGSave changes1538469377022DeferredSave.webext.sc.lz4DEBUGSave changes1538469377023DeferredSave.webext.sc.lz4DEBUGSave changes1538469377024DeferredSave.webext.sc.lz4DEBUGSave changes1538469377025DeferredSave.webext.sc.lz4DEBUGSave changes1538469377026DeferredSave.webext.sc.lz4DEBUGSave changes1538469377030DeferredSave.webext.sc.lz4DEBUGSave changes1538469377032DeferredSave.webext.sc.lz4DEBUGSave changes1538469377035DeferredSave.webext.sc.lz4DEBUGSave changes1538469377037DeferredSave.webext.sc.lz4DEBUGSave changes1538469377038DeferredSave.webext.sc.lz4DEBUGSave changes1538469377040DeferredSave.webext.sc.lz4DEBUGSave changes1538469377047DeferredSave.webext.sc.lz4DEBUGSave changes1538469377047DeferredSave.webext.sc.lz4DEBUGSave changes1538469377052DeferredSave.webext.sc.lz4DEBUGSave changes1538469377063DeferredSave.webext.sc.lz4DEBUGSave changes1538469377165DeferredSave.webext.sc.lz4DEBUGSave changes1538469377166DeferredSave.webext.sc.lz4DEBUGSave changesUnable to read VR Path Registry from C:\Users\hp\AppData\Local\openvr\openvrpaths.vrpathJavaScript error: about:newtab, line 968: TypeError: gSnippetsMap.getTotalBookmarksCount is not a function1538469381825DeferredSave.webext.sc.lz4DEBUGStarting write1538469381859DeferredSave.webext.sc.lz4DEBUGWrite succeededCrash Annotation GraphicsCriticalError: |[C0][GFX1-]: CreateShaderResourceView failed for format87 (t=20.5787) [GFX1-]: CreateShaderResourceView failed for format87Build info: version: '2.25.0', revision: '17482', time: '2012-07-18 22:18:01'System info: os.name: 'Windows 7', os.arch: 'amd64', os.version: '6.1', java.version: '1.8.0_111'Driver info: driver.version: FirefoxDriverat org.openqa.selenium.firefox.internal.NewProfileExtensionConnection.start(NewProfileExtensionConnection.java:121)at org.openqa.selenium.firefox.FirefoxDriver.startClient(FirefoxDriver.java:245)at org.openqa.selenium.remote.RemoteWebDriver.<init>(RemoteWebDriver.java:109)at org.openqa.selenium.firefox.FirefoxDriver.<init>(FirefoxDriver.java:183)at org.openqa.selenium.firefox.FirefoxDriver.<init>(FirefoxDriver.java:178)at org.openqa.selenium.firefox.FirefoxDriver.<init>(FirefoxDriver.java:100)at Flipkart_Test.Flipkart_Test.BuyingaBook_PropertyFile.launchingWebsite(BuyingaBook_PropertyFile.java:45)at sun.reflect.NativeMethodAccessorImpl.invoke0(Native Method)at sun.reflect.NativeMethodAccessorImpl.invoke(NativeMethodAccessorImpl.java:62)at sun.reflect.DelegatingMethodAccessorImpl.invoke(DelegatingMethodAccessorImpl.java:43)at java.lang.reflect.Method.invoke(Method.java:498)at org.testng.internal.MethodInvocationHelper.invokeMethod(MethodInvocationHelper.java:124)at org.testng.internal.MethodInvocationHelper.invokeMethodConsideringTimeout(MethodInvocationHelper.java:59)at org.testng.internal.Invoker.invokeConfigurationMethod(Invoker.java:451)at org.testng.internal.Invoker.invokeConfigurations(Invoker.java:222)at org.testng.internal.Invoker.invokeConfigurations(Invoker.java:142)at org.testng.TestRunner.beforeRun(TestRunner.java:529)at org.testng.TestRunner.run(TestRunner.java:497)at org.testng.SuiteRunner.runTest(SuiteRunner.java:455)at org.testng.SuiteRunner.runSequentially(SuiteRunner.java:450)at org.testng.SuiteRunner.privateRun(SuiteRunner.java:415)at org.testng.SuiteRunner.run(SuiteRunner.java:364)at org.testng.SuiteRunnerWorker.runSuite(SuiteRunnerWorker.java:52)at org.testng.SuiteRunnerWorker.run(SuiteRunnerWorker.java:84)at org.testng.TestNG.runSuitesSequentially(TestNG.java:1187)at org.testng.TestNG.runSuitesLocally(TestNG.java:1116)at org.testng.TestNG.runSuites(TestNG.java:1028)at org.testng.TestNG.run(TestNG.java:996)at org.testng.remote.AbstractRemoteTestNG.run(AbstractRemoteTestNG.java:114)at org.testng.remote.RemoteTestNG.initAndRun(RemoteTestNG.java:251)at org.testng.remote.RemoteTestNG.main(RemoteTestNG.java:77)Caused by: org.openqa.selenium.firefox.NotConnectedException: Unable to connect to host 127.0.0.1 on port 7055 after 45000 ms. Firefox console output:Async JSON file read took 0 MS1538469376647addons.xpi-utilsDEBUGFinished async read of XPI database, parsing...1538469376658addons.xpi-utilsDEBUGSuccessfully read XPI database1538469376817DeferredSave.webext.sc.lz4DEBUGSave changes1538469376817DeferredSave.webext.sc.lz4DEBUGStarting timer1538469376855DeferredSave.webext.sc.lz4DEBUGSave changes1538469376941DeferredSave.webext.sc.lz4DEBUGSave changes1538469376943DeferredSave.webext.sc.lz4DEBUGSave changes1538469376944DeferredSave.webext.sc.lz4DEBUGSave changes1538469376946DeferredSave.webext.sc.lz4DEBUGSave changes1538469376950DeferredSave.webext.sc.lz4DEBUGSave changes1538469376954DeferredSave.webext.sc.lz4DEBUGSave changes1538469376958DeferredSave.webext.sc.lz4DEBUGSave changes1538469376959DeferredSave.webext.sc.lz4DEBUGSave changes1538469376963DeferredSave.webext.sc.lz4DEBUGSave changes1538469376964DeferredSave.webext.sc.lz4DEBUGSave changes1538469376968DeferredSave.webext.sc.lz4DEBUGSave changes1538469376969DeferredSave.webext.sc.lz4DEBUGSave changes1538469376972DeferredSave.webext.sc.lz4DEBUGSave changes1538469376973DeferredSave.webext.sc.lz4DEBUGSave changes1538469376977DeferredSave.webext.sc.lz4DEBUGSave changes1538469376979DeferredSave.webext.sc.lz4DEBUGSave changes1538469376982DeferredSave.webext.sc.lz4DEBUGSave changes1538469376984DeferredSave.webext.sc.lz4DEBUGSave changes1538469376986DeferredSave.webext.sc.lz4DEBUGSave changes1538469376986DeferredSave.webext.sc.lz4DEBUGSave changes1538469376988DeferredSave.webext.sc.lz4DEBUGSave changes1538469376990DeferredSave.webext.sc.lz4DEBUGSave changes1538469376998DeferredSave.webext.sc.lz4DEBUGSave changes1538469376999DeferredSave.webext.sc.lz4DEBUGSave changes1538469377002DeferredSave.webext.sc.lz4DEBUGSave changes1538469377003DeferredSave.webext.sc.lz4DEBUGSave changes1538469377004DeferredSave.webext.sc.lz4DEBUGSave changes1538469377005DeferredSave.webext.sc.lz4DEBUGSave changes1538469377005DeferredSave.webext.sc.lz4DEBUGSave changes1538469377007DeferredSave.webext.sc.lz4DEBUGSave changes1538469377010DeferredSave.webext.sc.lz4DEBUGSave changes1538469377014DeferredSave.webext.sc.lz4DEBUGSave changes1538469377016DeferredSave.webext.sc.lz4DEBUGSave changes1538469377018DeferredSave.webext.sc.lz4DEBUGSave changes1538469377019DeferredSave.webext.sc.lz4DEBUGSave changes1538469377020DeferredSave.webext.sc.lz4DEBUGSave changes1538469377022DeferredSave.webext.sc.lz4DEBUGSave changes1538469377023DeferredSave.webext.sc.lz4DEBUGSave changes1538469377024DeferredSave.webext.sc.lz4DEBUGSave changes1538469377025DeferredSave.webext.sc.lz4DEBUGSave changes1538469377026DeferredSave.webext.sc.lz4DEBUGSave changes1538469377030DeferredSave.webext.sc.lz4DEBUGSave changes1538469377032DeferredSave.webext.sc.lz4DEBUGSave changes1538469377035DeferredSave.webext.sc.lz4DEBUGSave changes1538469377037DeferredSave.webext.sc.lz4DEBUGSave changes1538469377038DeferredSave.webext.sc.lz4DEBUGSave changes1538469377040DeferredSave.webext.sc.lz4DEBUGSave changes1538469377047DeferredSave.webext.sc.lz4DEBUGSave changes1538469377047DeferredSave.webext.sc.lz4DEBUGSave changes1538469377052DeferredSave.webext.sc.lz4DEBUGSave changes1538469377063DeferredSave.webext.sc.lz4DEBUGSave changes1538469377165DeferredSave.webext.sc.lz4DEBUGSave changes1538469377166DeferredSave.webext.sc.lz4DEBUGSave changesUnable to read VR Path Registry from C:\Users\hp\AppData\Local\openvr\openvrpaths.vrpathJavaScript error: about:newtab, line 968: TypeError: gSnippetsMap.getTotalBookmarksCount is not a function1538469381825DeferredSave.webext.sc.lz4DEBUGStarting write1538469381859DeferredSave.webext.sc.lz4DEBUGWrite succeededCrash Annotation GraphicsCriticalError: |[C0][GFX1-]: CreateShaderResourceView failed for format87 (t=20.5787) [GFX1-]: CreateShaderResourceView failed for format87at org.openqa.selenium.firefox.internal.NewProfileExtensionConnection.start(NewProfileExtensionConnection.java:109)... 30 more]]>
    </error>
  </testcase> <!-- launchingWebsite -->
  <testcase name="Login" time="0.000" classname="Flipkart_Test.Flipkart_Test.BuyingaBook_PropertyFile">
    <skipped/>
  </testcase> <!-- Login -->
  <testcase name="SelectBooks" time="0.000" classname="Flipkart_Test.Flipkart_Test.BuyingaBook_PropertyFile">
    <skipped/>
  </testcase> <!-- SelectBooks -->
</testsuite> <!-- Flipkart_Test.Flipkart_Test.BuyingaBook_PropertyFile -->
